[04-Jul-2024 15:13:02 UTC] PHP Warning:  Attempt to read property "title" on null in C:\Users\Chan Hein Kyaw\Local Sites\fictional-university\app\public\wp-includes\class-wp-customize-widgets.php on line 905
[04-Jul-2024 17:06:40 UTC] PHP Warning:  Attempt to read property "title" on null in C:\Users\Chan Hein Kyaw\Local Sites\fictional-university\app\public\wp-includes\class-wp-customize-widgets.php on line 905
[04-Jul-2024 17:08:56 UTC] PHP Parse error:  syntax error, unexpected token "}" in C:\Users\Chan Hein Kyaw\Local Sites\fictional-university\app\public\wp-content\themes\fictional-university-theme\index.php on line 5
[04-Jul-2024 17:10:12 UTC] PHP Fatal error:  Uncaught Error: Call to undefined function permalink() in C:\Users\Chan Hein Kyaw\Local Sites\fictional-university\app\public\wp-content\themes\fictional-university-theme\index.php:4
Stack trace:
#0 C:\Users\Chan Hein Kyaw\Local Sites\fictional-university\app\public\wp-includes\template-loader.php(106): include()
#1 C:\Users\Chan Hein Kyaw\Local Sites\fictional-university\app\public\wp-blog-header.php(19): require_once('C:\\Users\\Chan H...')
#2 C:\Users\Chan Hein Kyaw\Local Sites\fictional-university\app\public\index.php(17): require('C:\\Users\\Chan H...')
#3 {main}
  thrown in C:\Users\Chan Hein Kyaw\Local Sites\fictional-university\app\public\wp-content\themes\fictional-university-theme\index.php on line 4
[04-Jul-2024 17:11:10 UTC] PHP Parse error:  syntax error, unexpected token ">" in C:\Users\Chan Hein Kyaw\Local Sites\fictional-university\app\public\wp-content\themes\fictional-university-theme\index.php on line 4
[04-Jul-2024 17:11:26 UTC] PHP Fatal error:  Uncaught Error: Call to undefined function permalink() in C:\Users\Chan Hein Kyaw\Local Sites\fictional-university\app\public\wp-content\themes\fictional-university-theme\index.php:4
Stack trace:
#0 C:\Users\Chan Hein Kyaw\Local Sites\fictional-university\app\public\wp-includes\template-loader.php(106): include()
#1 C:\Users\Chan Hein Kyaw\Local Sites\fictional-university\app\public\wp-blog-header.php(19): require_once('C:\\Users\\Chan H...')
#2 C:\Users\Chan Hein Kyaw\Local Sites\fictional-university\app\public\index.php(17): require('C:\\Users\\Chan H...')
#3 {main}
  thrown in C:\Users\Chan Hein Kyaw\Local Sites\fictional-university\app\public\wp-content\themes\fictional-university-theme\index.php on line 4
[04-Jul-2024 18:40:10 UTC] PHP Parse error:  syntax error, unexpected token "<", expecting end of file in C:\Users\Chan Hein Kyaw\Local Sites\fictional-university\app\public\wp-content\themes\fictional-university-theme\index.php on line 4
[04-Jul-2024 18:46:41 UTC] PHP Parse error:  syntax error, unexpected identifier "wp_enqueue_style" in C:\Users\Chan Hein Kyaw\Local Sites\fictional-university\app\public\wp-content\themes\fictional-university-theme\functions.php on line 4
[04-Jul-2024 18:46:41 UTC] PHP Warning:  Trying to access array offset on value of type bool in C:\Users\Chan Hein Kyaw\Local Sites\fictional-university\app\public\wp-includes\class-wp-recovery-mode-email-service.php on line 367
[04-Jul-2024 18:46:41 UTC] PHP Warning:  Trying to access array offset on value of type bool in C:\Users\Chan Hein Kyaw\Local Sites\fictional-university\app\public\wp-includes\class-wp-recovery-mode-email-service.php on line 368
[04-Jul-2024 18:46:49 UTC] PHP Parse error:  syntax error, unexpected identifier "wp_enqueue_style" in C:\Users\Chan Hein Kyaw\Local Sites\fictional-university\app\public\wp-content\themes\fictional-university-theme\functions.php on line 4
[04-Jul-2024 18:46:50 UTC] PHP Parse error:  syntax error, unexpected identifier "wp_enqueue_style" in C:\Users\Chan Hein Kyaw\Local Sites\fictional-university\app\public\wp-content\themes\fictional-university-theme\functions.php on line 4
[04-Jul-2024 18:51:44 UTC] PHP Parse error:  syntax error, unexpected identifier "wp_enqueue_style" in C:\Users\Chan Hein Kyaw\Local Sites\fictional-university\app\public\wp-content\themes\fictional-university-theme\functions.php on line 4
[04-Jul-2024 18:56:35 UTC] PHP Fatal error:  Uncaught Error: Undefined constant "trues" in C:\Users\Chan Hein Kyaw\Local Sites\fictional-university\app\public\wp-content\themes\fictional-university-theme\functions.php:3
Stack trace:
#0 C:\Users\Chan Hein Kyaw\Local Sites\fictional-university\app\public\wp-includes\class-wp-hook.php(324): university_files('')
#1 C:\Users\Chan Hein Kyaw\Local Sites\fictional-university\app\public\wp-includes\class-wp-hook.php(348): WP_Hook->apply_filters(NULL, Array)
#2 C:\Users\Chan Hein Kyaw\Local Sites\fictional-university\app\public\wp-includes\plugin.php(517): WP_Hook->do_action(Array)
#3 C:\Users\Chan Hein Kyaw\Local Sites\fictional-university\app\public\wp-includes\script-loader.php(2265): do_action('wp_enqueue_scri...')
#4 C:\Users\Chan Hein Kyaw\Local Sites\fictional-university\app\public\wp-includes\class-wp-hook.php(324): wp_enqueue_scripts('')
#5 C:\Users\Chan Hein Kyaw\Local Sites\fictional-university\app\public\wp-includes\class-wp-hook.php(348): WP_Hook->apply_filters(NULL, Array)
#6 C:\Users\Chan Hein Kyaw\Local Sites\fictional-university\app\public\wp-includes\plugin.php(517): WP_Hook->do_action(Array)
#7 C:\Users\Chan Hein Kyaw\Local Sites\fictional-university\app\public\wp-includes\general-template.php(3050): do_action('wp_head')
#8 C:\Users\Chan Hein Kyaw\Local Sites\fictional-university\app\public\wp-content\themes\fictional-university-theme\header.php(4): wp_head()
#9 C:\Users\Chan Hein Kyaw\Local Sites\fictional-university\app\public\wp-includes\template.php(810): require_once('C:\\Users\\Chan H...')
#10 C:\Users\Chan Hein Kyaw\Local Sites\fictional-university\app\public\wp-includes\template.php(745): load_template('C:\\Users\\Chan H...', true, Array)
#11 C:\Users\Chan Hein Kyaw\Local Sites\fictional-university\app\public\wp-includes\general-template.php(48): locate_template(Array, true, true, Array)
#12 C:\Users\Chan Hein Kyaw\Local Sites\fictional-university\app\public\wp-content\themes\fictional-university-theme\index.php(1): get_header()
#13 C:\Users\Chan Hein Kyaw\Local Sites\fictional-university\app\public\wp-includes\template-loader.php(106): include('C:\\Users\\Chan H...')
#14 C:\Users\Chan Hein Kyaw\Local Sites\fictional-university\app\public\wp-blog-header.php(19): require_once('C:\\Users\\Chan H...')
#15 C:\Users\Chan Hein Kyaw\Local Sites\fictional-university\app\public\index.php(17): require('C:\\Users\\Chan H...')
#16 {main}
  thrown in C:\Users\Chan Hein Kyaw\Local Sites\fictional-university\app\public\wp-content\themes\fictional-university-theme\functions.php on line 3
[04-Jul-2024 18:56:49 UTC] PHP Fatal error:  Uncaught Error: Undefined constant "trues" in C:\Users\Chan Hein Kyaw\Local Sites\fictional-university\app\public\wp-content\themes\fictional-university-theme\functions.php:3
Stack trace:
#0 C:\Users\Chan Hein Kyaw\Local Sites\fictional-university\app\public\wp-includes\class-wp-hook.php(324): university_files('')
#1 C:\Users\Chan Hein Kyaw\Local Sites\fictional-university\app\public\wp-includes\class-wp-hook.php(348): WP_Hook->apply_filters(NULL, Array)
#2 C:\Users\Chan Hein Kyaw\Local Sites\fictional-university\app\public\wp-includes\plugin.php(517): WP_Hook->do_action(Array)
#3 C:\Users\Chan Hein Kyaw\Local Sites\fictional-university\app\public\wp-includes\script-loader.php(2265): do_action('wp_enqueue_scri...')
#4 C:\Users\Chan Hein Kyaw\Local Sites\fictional-university\app\public\wp-includes\class-wp-hook.php(324): wp_enqueue_scripts('')
#5 C:\Users\Chan Hein Kyaw\Local Sites\fictional-university\app\public\wp-includes\class-wp-hook.php(348): WP_Hook->apply_filters(NULL, Array)
#6 C:\Users\Chan Hein Kyaw\Local Sites\fictional-university\app\public\wp-includes\plugin.php(517): WP_Hook->do_action(Array)
#7 C:\Users\Chan Hein Kyaw\Local Sites\fictional-university\app\public\wp-includes\general-template.php(3050): do_action('wp_head')
#8 C:\Users\Chan Hein Kyaw\Local Sites\fictional-university\app\public\wp-content\themes\fictional-university-theme\header.php(4): wp_head()
#9 C:\Users\Chan Hein Kyaw\Local Sites\fictional-university\app\public\wp-includes\template.php(810): require_once('C:\\Users\\Chan H...')
#10 C:\Users\Chan Hein Kyaw\Local Sites\fictional-university\app\public\wp-includes\template.php(745): load_template('C:\\Users\\Chan H...', true, Array)
#11 C:\Users\Chan Hein Kyaw\Local Sites\fictional-university\app\public\wp-includes\general-template.php(48): locate_template(Array, true, true, Array)
#12 C:\Users\Chan Hein Kyaw\Local Sites\fictional-university\app\public\wp-content\themes\fictional-university-theme\index.php(1): get_header()
#13 C:\Users\Chan Hein Kyaw\Local Sites\fictional-university\app\public\wp-includes\template-loader.php(106): include('C:\\Users\\Chan H...')
#14 C:\Users\Chan Hein Kyaw\Local Sites\fictional-university\app\public\wp-blog-header.php(19): require_once('C:\\Users\\Chan H...')
#15 C:\Users\Chan Hein Kyaw\Local Sites\fictional-university\app\public\index.php(17): require('C:\\Users\\Chan H...')
#16 {main}
  thrown in C:\Users\Chan Hein Kyaw\Local Sites\fictional-university\app\public\wp-content\themes\fictional-university-theme\functions.php on line 3
[07-Jul-2024 05:26:40 UTC] PHP Parse error:  syntax error, unexpected token "}" in C:\Users\Chan Hein Kyaw\Local Sites\fictional-university\app\public\wp-content\themes\fictional-university-theme\page.php on line 26
[07-Jul-2024 05:27:25 UTC] PHP Parse error:  syntax error, unexpected token "}" in C:\Users\Chan Hein Kyaw\Local Sites\fictional-university\app\public\wp-content\themes\fictional-university-theme\page.php on line 27
[07-Jul-2024 05:32:42 UTC] PHP Fatal error:  Uncaught Error: Call to undefined function the_perma_link() in C:\Users\Chan Hein Kyaw\Local Sites\fictional-university\app\public\wp-content\themes\fictional-university-theme\page.php:23
Stack trace:
#0 C:\Users\Chan Hein Kyaw\Local Sites\fictional-university\app\public\wp-includes\template-loader.php(106): include()
#1 C:\Users\Chan Hein Kyaw\Local Sites\fictional-university\app\public\wp-blog-header.php(19): require_once('C:\\Users\\Chan H...')
#2 C:\Users\Chan Hein Kyaw\Local Sites\fictional-university\app\public\index.php(17): require('C:\\Users\\Chan H...')
#3 {main}
  thrown in C:\Users\Chan Hein Kyaw\Local Sites\fictional-university\app\public\wp-content\themes\fictional-university-theme\page.php on line 23
[07-Jul-2024 06:36:58 UTC] PHP Parse error:  syntax error, unexpected identifier "l", expecting ")" in C:\Users\Chan Hein Kyaw\Local Sites\fictional-university\app\public\wp-content\themes\fictional-university-theme\page.php on line 32
[07-Jul-2024 06:37:05 UTC] PHP Parse error:  syntax error, unexpected token "if" in C:\Users\Chan Hein Kyaw\Local Sites\fictional-university\app\public\wp-content\themes\fictional-university-theme\page.php on line 34
[07-Jul-2024 06:37:27 UTC] PHP Parse error:  syntax error, unexpected token "if" in C:\Users\Chan Hein Kyaw\Local Sites\fictional-university\app\public\wp-content\themes\fictional-university-theme\page.php on line 34
[07-Jul-2024 06:38:07 UTC] PHP Parse error:  syntax error, unexpected single-quoted string "" in C:\Users\Chan Hein Kyaw\Local Sites\fictional-university\app\public\wp-content\themes\fictional-university-theme\page.php on line 33
[07-Jul-2024 08:32:15 UTC] PHP Warning:  An unexpected error occurred. Something may be wrong with WordPress.org or this server&#8217;s configuration. If you continue to have problems, please try the <a href="https://wordpress.org/support/forums/">support forums</a>. (WordPress could not establish a secure connection to WordPress.org. Please contact your server administrator.) in C:\Users\Chan Hein Kyaw\Local Sites\fictional-university\app\public\wp-admin\includes\translation-install.php on line 68
[07-Jul-2024 14:31:35 UTC] PHP Warning:  Undefined variable $theParent in C:\Users\Chan Hein Kyaw\Local Sites\fictional-university\app\public\wp-content\themes\fictional-university-theme\single.php on line 19
[07-Jul-2024 14:33:17 UTC] PHP Warning:  Undefined variable $theParent in C:\Users\Chan Hein Kyaw\Local Sites\fictional-university\app\public\wp-content\themes\fictional-university-theme\single.php on line 19
[07-Jul-2024 14:34:25 UTC] PHP Warning:  Undefined variable $theParent in C:\Users\Chan Hein Kyaw\Local Sites\fictional-university\app\public\wp-content\themes\fictional-university-theme\single.php on line 19
[07-Jul-2024 14:35:32 UTC] PHP Warning:  Undefined variable $theParent in C:\Users\Chan Hein Kyaw\Local Sites\fictional-university\app\public\wp-content\themes\fictional-university-theme\single.php on line 19
[07-Jul-2024 14:35:44 UTC] PHP Warning:  Undefined variable $theParent in C:\Users\Chan Hein Kyaw\Local Sites\fictional-university\app\public\wp-content\themes\fictional-university-theme\single.php on line 19
[07-Jul-2024 16:08:11 UTC] PHP Warning:  An unexpected error occurred. Something may be wrong with WordPress.org or this server&#8217;s configuration. If you continue to have problems, please try the <a href="https://wordpress.org/support/forums/">support forums</a>. (WordPress could not establish a secure connection to WordPress.org. Please contact your server administrator.) in C:\Users\Chan Hein Kyaw\Local Sites\fictional-university\app\public\wp-admin\includes\translation-install.php on line 68
[07-Jul-2024 16:08:23 UTC] PHP Warning:  An unexpected error occurred. Something may be wrong with WordPress.org or this server&#8217;s configuration. If you continue to have problems, please try the <a href="https://wordpress.org/support/forums/">support forums</a>. (WordPress could not establish a secure connection to WordPress.org. Please contact your server administrator.) in C:\Users\Chan Hein Kyaw\Local Sites\fictional-university\app\public\wp-admin\includes\translation-install.php on line 68
[07-Jul-2024 16:08:43 UTC] PHP Warning:  An unexpected error occurred. Something may be wrong with WordPress.org or this server&#8217;s configuration. If you continue to have problems, please try the <a href="https://wordpress.org/support/forums/">support forums</a>. (WordPress could not establish a secure connection to WordPress.org. Please contact your server administrator.) in C:\Users\Chan Hein Kyaw\Local Sites\fictional-university\app\public\wp-admin\includes\translation-install.php on line 68
[07-Jul-2024 16:29:15 UTC] PHP Warning:  An unexpected error occurred. Something may be wrong with WordPress.org or this server&#8217;s configuration. If you continue to have problems, please try the <a href="https://wordpress.org/support/forums/">support forums</a>. (WordPress could not establish a secure connection to WordPress.org. Please contact your server administrator.) in C:\Users\Chan Hein Kyaw\Local Sites\fictional-university\app\public\wp-admin\includes\translation-install.php on line 68
[07-Jul-2024 16:32:11 UTC] PHP Fatal error:  Uncaught Error: Undefined constant "have_posts" in C:\Users\Chan Hein Kyaw\Local Sites\fictional-university\app\public\wp-content\themes\fictional-university-theme\front-page.php:51
Stack trace:
#0 C:\Users\Chan Hein Kyaw\Local Sites\fictional-university\app\public\wp-includes\template-loader.php(106): include()
#1 C:\Users\Chan Hein Kyaw\Local Sites\fictional-university\app\public\wp-blog-header.php(19): require_once('C:\\Users\\Chan H...')
#2 C:\Users\Chan Hein Kyaw\Local Sites\fictional-university\app\public\index.php(17): require('C:\\Users\\Chan H...')
#3 {main}
  thrown in C:\Users\Chan Hein Kyaw\Local Sites\fictional-university\app\public\wp-content\themes\fictional-university-theme\front-page.php on line 51
[07-Jul-2024 16:34:55 UTC] PHP Fatal error:  Uncaught Error: Call to undefined function wp_trims_word() in C:\Users\Chan Hein Kyaw\Local Sites\fictional-university\app\public\wp-content\themes\fictional-university-theme\front-page.php:60
Stack trace:
#0 C:\Users\Chan Hein Kyaw\Local Sites\fictional-university\app\public\wp-includes\template-loader.php(106): include()
#1 C:\Users\Chan Hein Kyaw\Local Sites\fictional-university\app\public\wp-blog-header.php(19): require_once('C:\\Users\\Chan H...')
#2 C:\Users\Chan Hein Kyaw\Local Sites\fictional-university\app\public\index.php(17): require('C:\\Users\\Chan H...')
#3 {main}
  thrown in C:\Users\Chan Hein Kyaw\Local Sites\fictional-university\app\public\wp-content\themes\fictional-university-theme\front-page.php on line 60
[11-Jul-2024 15:52:14 UTC] PHP Parse error:  syntax error, unexpected token "}" in C:\Users\Chan Hein Kyaw\Local Sites\fictional-university\app\public\wp-content\mu-plugins\university-post-types.php on line 16
[11-Jul-2024 15:53:15 UTC] PHP Parse error:  syntax error, unexpected token "}" in C:\Users\Chan Hein Kyaw\Local Sites\fictional-university\app\public\wp-content\mu-plugins\university-post-types.php on line 16
[11-Jul-2024 15:55:16 UTC] PHP Parse error:  syntax error, unexpected token "}" in C:\Users\Chan Hein Kyaw\Local Sites\fictional-university\app\public\wp-content\mu-plugins\university-post-types.php on line 16
[11-Jul-2024 15:57:17 UTC] PHP Parse error:  syntax error, unexpected token "}" in C:\Users\Chan Hein Kyaw\Local Sites\fictional-university\app\public\wp-content\mu-plugins\university-post-types.php on line 16
[11-Jul-2024 15:59:18 UTC] PHP Parse error:  syntax error, unexpected token "}" in C:\Users\Chan Hein Kyaw\Local Sites\fictional-university\app\public\wp-content\mu-plugins\university-post-types.php on line 16
[11-Jul-2024 16:06:28 UTC] PHP Parse error:  syntax error, unexpected end of file in C:\Users\Chan Hein Kyaw\Local Sites\fictional-university\app\public\wp-content\mu-plugins\university-post-types.php on line 17
[11-Jul-2024 16:06:28 UTC] PHP Parse error:  syntax error, unexpected end of file in C:\Users\Chan Hein Kyaw\Local Sites\fictional-university\app\public\wp-content\mu-plugins\university-post-types.php on line 17
[11-Jul-2024 16:06:29 UTC] PHP Parse error:  syntax error, unexpected end of file in C:\Users\Chan Hein Kyaw\Local Sites\fictional-university\app\public\wp-content\mu-plugins\university-post-types.php on line 17
[13-Jul-2024 16:48:45 UTC] PHP Fatal error:  Uncaught Error: Call to undefined function WP_Query() in C:\Users\Chan Hein Kyaw\Local Sites\fictional-university\app\public\wp-content\themes\fictional-university-theme\front-page.php:18
Stack trace:
#0 C:\Users\Chan Hein Kyaw\Local Sites\fictional-university\app\public\wp-includes\template-loader.php(106): include()
#1 C:\Users\Chan Hein Kyaw\Local Sites\fictional-university\app\public\wp-blog-header.php(19): require_once('C:\\Users\\Chan H...')
#2 C:\Users\Chan Hein Kyaw\Local Sites\fictional-university\app\public\index.php(17): require('C:\\Users\\Chan H...')
#3 {main}
  thrown in C:\Users\Chan Hein Kyaw\Local Sites\fictional-university\app\public\wp-content\themes\fictional-university-theme\front-page.php on line 18
[13-Jul-2024 17:13:36 UTC] PHP Parse error:  syntax error, unexpected token "echo" in C:\Users\Chan Hein Kyaw\Local Sites\fictional-university\app\public\wp-content\themes\fictional-university-theme\single-event.php on line 19
[14-Jul-2024 05:52:06 UTC] PHP Fatal error:  Uncaught Error: Call to undefined function has_except() in C:\Users\Chan Hein Kyaw\Local Sites\fictional-university\app\public\wp-content\themes\fictional-university-theme\front-page.php:33
Stack trace:
#0 C:\Users\Chan Hein Kyaw\Local Sites\fictional-university\app\public\wp-includes\template-loader.php(106): include()
#1 C:\Users\Chan Hein Kyaw\Local Sites\fictional-university\app\public\wp-blog-header.php(19): require_once('C:\\Users\\Chan H...')
#2 C:\Users\Chan Hein Kyaw\Local Sites\fictional-university\app\public\index.php(17): require('C:\\Users\\Chan H...')
#3 {main}
  thrown in C:\Users\Chan Hein Kyaw\Local Sites\fictional-university\app\public\wp-content\themes\fictional-university-theme\front-page.php on line 33
[14-Jul-2024 05:54:12 UTC] PHP Fatal error:  Uncaught Error: Call to undefined function gte_the_excerpt() in C:\Users\Chan Hein Kyaw\Local Sites\fictional-university\app\public\wp-content\themes\fictional-university-theme\front-page.php:66
Stack trace:
#0 C:\Users\Chan Hein Kyaw\Local Sites\fictional-university\app\public\wp-includes\template-loader.php(106): include()
#1 C:\Users\Chan Hein Kyaw\Local Sites\fictional-university\app\public\wp-blog-header.php(19): require_once('C:\\Users\\Chan H...')
#2 C:\Users\Chan Hein Kyaw\Local Sites\fictional-university\app\public\index.php(17): require('C:\\Users\\Chan H...')
#3 {main}
  thrown in C:\Users\Chan Hein Kyaw\Local Sites\fictional-university\app\public\wp-content\themes\fictional-university-theme\front-page.php on line 66
[14-Jul-2024 05:54:37 UTC] PHP Fatal error:  Uncaught Error: Call to undefined function gte_the_excerpt() in C:\Users\Chan Hein Kyaw\Local Sites\fictional-university\app\public\wp-content\themes\fictional-university-theme\front-page.php:66
Stack trace:
#0 C:\Users\Chan Hein Kyaw\Local Sites\fictional-university\app\public\wp-includes\template-loader.php(106): include()
#1 C:\Users\Chan Hein Kyaw\Local Sites\fictional-university\app\public\wp-blog-header.php(19): require_once('C:\\Users\\Chan H...')
#2 C:\Users\Chan Hein Kyaw\Local Sites\fictional-university\app\public\index.php(17): require('C:\\Users\\Chan H...')
#3 {main}
  thrown in C:\Users\Chan Hein Kyaw\Local Sites\fictional-university\app\public\wp-content\themes\fictional-university-theme\front-page.php on line 66
[14-Jul-2024 05:54:37 UTC] PHP Fatal error:  Uncaught Error: Call to undefined function gte_the_excerpt() in C:\Users\Chan Hein Kyaw\Local Sites\fictional-university\app\public\wp-content\themes\fictional-university-theme\front-page.php:66
Stack trace:
#0 C:\Users\Chan Hein Kyaw\Local Sites\fictional-university\app\public\wp-includes\template-loader.php(106): include()
#1 C:\Users\Chan Hein Kyaw\Local Sites\fictional-university\app\public\wp-blog-header.php(19): require_once('C:\\Users\\Chan H...')
#2 C:\Users\Chan Hein Kyaw\Local Sites\fictional-university\app\public\index.php(17): require('C:\\Users\\Chan H...')
#3 {main}
  thrown in C:\Users\Chan Hein Kyaw\Local Sites\fictional-university\app\public\wp-content\themes\fictional-university-theme\front-page.php on line 66
[14-Jul-2024 05:54:38 UTC] PHP Fatal error:  Uncaught Error: Call to undefined function gte_the_excerpt() in C:\Users\Chan Hein Kyaw\Local Sites\fictional-university\app\public\wp-content\themes\fictional-university-theme\front-page.php:66
Stack trace:
#0 C:\Users\Chan Hein Kyaw\Local Sites\fictional-university\app\public\wp-includes\template-loader.php(106): include()
#1 C:\Users\Chan Hein Kyaw\Local Sites\fictional-university\app\public\wp-blog-header.php(19): require_once('C:\\Users\\Chan H...')
#2 C:\Users\Chan Hein Kyaw\Local Sites\fictional-university\app\public\index.php(17): require('C:\\Users\\Chan H...')
#3 {main}
  thrown in C:\Users\Chan Hein Kyaw\Local Sites\fictional-university\app\public\wp-content\themes\fictional-university-theme\front-page.php on line 66
